Logging to: /home/jj/Documents/hoda_Colab/spirit_commandline/data/2025_08_18_T_14_07_50/logs/pipeline.log
SPIRIT version: v1.0.0
Run directory:  /home/jj/Documents/hoda_Colab/spirit_commandline/data/2025_08_18_T_14_07_50
Tool versions (where available):
Rscript (R) version 4.3.3 (2024-02-29)
bedtools v2.31.1
IntaRNA 3.4.0
# esl-shuffle :: shuffling or generating random sequences
── Attaching core tidyverse packages ──────────────────────── tidyverse 2.0.0 ──
✔ dplyr     1.1.4     ✔ readr     2.1.5
✔ forcats   1.0.0     ✔ stringr   1.5.1
✔ ggplot2   3.5.1     ✔ tibble    3.2.1
✔ lubridate 1.9.4     ✔ tidyr     1.3.1
✔ purrr     1.0.2     
── Conflicts ────────────────────────────────────────── tidyverse_conflicts() ──
✖ dplyr::filter() masks stats::filter()
✖ dplyr::lag()    masks stats::lag()
ℹ Use the conflicted package (<http://conflicted.r-lib.org/>) to force all conflicts to become errors
Rows: 3290 Columns: 6
── Column specification ────────────────────────────────────────────────────────
Delimiter: ","
chr (1): locus_tag
dbl (5): logFC, logCPM, F, p_value, FDR

ℹ Use `spec()` to retrieve the full column specification for this data.
ℹ Specify the column types or set `show_col_types = FALSE` to quiet this message.
Columns 'p_value' and locus_tag are present in: ../SPIRIT/data/jakob/Btheta/MAPS_BTnc201.csv
Wrote file to: /home/jj/Documents/hoda_Colab/spirit_commandline/data/2025_08_18_T_14_07_50/data/MAPS_BTnc201.tsv
── Attaching core tidyverse packages ──────────────────────── tidyverse 2.0.0 ──
✔ dplyr     1.1.4     ✔ readr     2.1.5
✔ forcats   1.0.0     ✔ stringr   1.5.1
✔ ggplot2   3.5.1     ✔ tibble    3.2.1
✔ lubridate 1.9.4     ✔ tidyr     1.3.1
✔ purrr     1.0.2     
── Conflicts ────────────────────────────────────────── tidyverse_conflicts() ──
✖ dplyr::filter() masks stats::filter()
✖ dplyr::lag()    masks stats::lag()
ℹ Use the conflicted package (<http://conflicted.r-lib.org/>) to force all conflicts to become errors
Rows: 4816 Columns: 4
── Column specification ────────────────────────────────────────────────────────
Delimiter: ","
chr (1): locus_tag
dbl (3): log2FoldChange, p_value, padj

ℹ Use `spec()` to retrieve the full column specification for this data.
ℹ Specify the column types or set `show_col_types = FALSE` to quiet this message.
Columns 'p_value' and locus_tag are present in: ../SPIRIT/data/b_theta_rnaseq_WT_vs_del_MasB.csv
Wrote file to: /home/jj/Documents/hoda_Colab/spirit_commandline/data/2025_08_18_T_14_07_50/data/b_theta_rnaseq_WT_vs_del_MasB.tsv
── Attaching core tidyverse packages ──────────────────────── tidyverse 2.0.0 ──
✔ dplyr     1.1.4     ✔ readr     2.1.5
✔ forcats   1.0.0     ✔ stringr   1.5.1
✔ ggplot2   3.5.1     ✔ tibble    3.2.1
✔ lubridate 1.9.4     ✔ tidyr     1.3.1
✔ purrr     1.0.2     
── Conflicts ────────────────────────────────────────── tidyverse_conflicts() ──
✖ dplyr::filter() masks stats::filter()
✖ dplyr::lag()    masks stats::lag()
ℹ Use the conflicted package (<http://conflicted.r-lib.org/>) to force all conflicts to become errors
Reading these TSV files:
[1] "/home/jj/Documents/hoda_Colab/spirit_commandline/data/2025_08_18_T_14_07_50/data/MAPS_BTnc201.tsv"                 
[2] "/home/jj/Documents/hoda_Colab/spirit_commandline/data/2025_08_18_T_14_07_50/data/b_theta_rnaseq_WT_vs_del_MasB.tsv"
Rows: 3290 Columns: 6
── Column specification ────────────────────────────────────────────────────────
Delimiter: "\t"
chr (1): locus_tag
dbl (5): MAPS_BTnc201_logFC, MAPS_BTnc201_logCPM, MAPS_BTnc201_F, MAPS_BTnc2...

ℹ Use `spec()` to retrieve the full column specification for this data.
ℹ Specify the column types or set `show_col_types = FALSE` to quiet this message.
Rows: 4816 Columns: 4
── Column specification ────────────────────────────────────────────────────────
Delimiter: "\t"
chr (1): locus_tag
dbl (3): b_theta_rnaseq_WT_vs_del_MasB_log2FoldChange, b_theta_rnaseq_WT_vs_...

ℹ Use `spec()` to retrieve the full column specification for this data.
ℹ Specify the column types or set `show_col_types = FALSE` to quiet this message.
The following genes are duplicates and will be excluded from the analysis: NA
Wrote combined tables to: /home/jj/Documents/hoda_Colab/spirit_commandline/data/2025_08_18_T_14_07_50/data/combined_data.tsv
[1] "Hi, I am read_gff_file.R"
Loading required package: GenomicRanges
Loading required package: stats4
Loading required package: BiocGenerics

Attaching package: ‘BiocGenerics’

The following objects are masked from ‘package:stats’:

    IQR, mad, sd, var, xtabs

The following objects are masked from ‘package:base’:

    anyDuplicated, aperm, append, as.data.frame, basename, cbind,
    colnames, dirname, do.call, duplicated, eval, evalq, Filter, Find,
    get, grep, grepl, intersect, is.unsorted, lapply, Map, mapply,
    match, mget, order, paste, pmax, pmax.int, pmin, pmin.int,
    Position, rank, rbind, Reduce, rownames, sapply, setdiff, sort,
    table, tapply, union, unique, unsplit, which.max, which.min

Loading required package: S4Vectors

Attaching package: ‘S4Vectors’

The following object is masked from ‘package:utils’:

    findMatches

The following objects are masked from ‘package:base’:

    expand.grid, I, unname

Loading required package: IRanges
Loading required package: GenomeInfoDb
[1] "Hi, after rtrack"
── Attaching core tidyverse packages ──────────────────────── tidyverse 2.0.0 ──
✔ dplyr     1.1.4     ✔ readr     2.1.5
✔ forcats   1.0.0     ✔ stringr   1.5.1
✔ ggplot2   3.5.1     ✔ tibble    3.2.1
✔ lubridate 1.9.4     ✔ tidyr     1.3.1
✔ purrr     1.0.2     
── Conflicts ────────────────────────────────────────── tidyverse_conflicts() ──
✖ lubridate::%within%() masks IRanges::%within%()
✖ dplyr::collapse()     masks IRanges::collapse()
✖ dplyr::combine()      masks BiocGenerics::combine()
✖ dplyr::desc()         masks IRanges::desc()
✖ tidyr::expand()       masks S4Vectors::expand()
✖ dplyr::filter()       masks stats::filter()
✖ dplyr::first()        masks S4Vectors::first()
✖ dplyr::lag()          masks stats::lag()
✖ ggplot2::Position()   masks BiocGenerics::Position(), base::Position()
✖ purrr::reduce()       masks GenomicRanges::reduce(), IRanges::reduce()
✖ dplyr::rename()       masks S4Vectors::rename()
✖ lubridate::second()   masks S4Vectors::second()
✖ lubridate::second<-() masks S4Vectors::second<-()
✖ dplyr::slice()        masks IRanges::slice()
ℹ Use the conflicted package (<http://conflicted.r-lib.org/>) to force all conflicts to become errors
Rows: 3291 Columns: 10
── Column specification ────────────────────────────────────────────────────────
Delimiter: "\t"
chr (2): id_lower, locus_tag
dbl (8): MAPS_BTnc201_logFC, MAPS_BTnc201_logCPM, MAPS_BTnc201_F, MAPS_BTnc2...

ℹ Use `spec()` to retrieve the full column specification for this data.
ℹ Specify the column types or set `show_col_types = FALSE` to quiet this message.
[1] "locus_tag"
[1] TRUE
Wrote BED file to: /home/jj/Documents/hoda_Colab/spirit_commandline/data/2025_08_18_T_14_07_50/data/combined_tables.bed
Running bedtools getfasta on /home/jj/Documents/hoda_Colab/spirit_commandline/data/2025_08_18_T_14_07_50/data/combined_tables.bed ...
Running IntaRNA (real targets) ...
IntaRNA (real) done.
Detected 3282 FASTA records for shuffling.
Using esl-shuffle -N 1 ...
Shuffle + subsample done.
Running IntaRNA (shuffled) ...
IntaRNA (shuffled) done.
── Attaching core tidyverse packages ──────────────────────── tidyverse 2.0.0 ──
✔ dplyr     1.1.4     ✔ readr     2.1.5
✔ forcats   1.0.0     ✔ stringr   1.5.1
✔ ggplot2   3.5.1     ✔ tibble    3.2.1
✔ lubridate 1.9.4     ✔ tidyr     1.3.1
✔ purrr     1.0.2     
── Conflicts ────────────────────────────────────────── tidyverse_conflicts() ──
✖ dplyr::filter() masks stats::filter()
✖ dplyr::lag()    masks stats::lag()
ℹ Use the conflicted package (<http://conflicted.r-lib.org/>) to force all conflicts to become errors

Attaching package: ‘MASS’

The following object is masked from ‘package:dplyr’:

    select


Attaching package: ‘cowplot’

The following object is masked from ‘package:ggpubr’:

    get_legend

The following object is masked from ‘package:lubridate’:

    stamp

Rows: 939 Columns: 9
── Column specification ────────────────────────────────────────────────────────
Delimiter: ";"
chr (4): id1, id2, subseqDP, hybridDP
dbl (5): start1, end1, start2, end2, E

ℹ Use `spec()` to retrieve the full column specification for this data.
ℹ Specify the column types or set `show_col_types = FALSE` to quiet this message.
Rows: 3185 Columns: 9
── Column specification ────────────────────────────────────────────────────────
Delimiter: ";"
chr (4): id1, id2, subseqDP, hybridDP
dbl (5): start1, end1, start2, end2, E

ℹ Use `spec()` to retrieve the full column specification for this data.
ℹ Specify the column types or set `show_col_types = FALSE` to quiet this message.
Warning message:
The dot-dot notation (`..density..`) was deprecated in ggplot2 3.4.0.
ℹ Please use `after_stat(density)` instead. 
Rows: 3282 Columns: 19
── Column specification ────────────────────────────────────────────────────────
Delimiter: "\t"
chr  (8): seqid, type, strand, Name, ID, gene, id_lower, locus_tag
dbl (10): start, end, MAPS_BTnc201_logFC, MAPS_BTnc201_logCPM, MAPS_BTnc201_...
lgl  (1): product

ℹ Use `spec()` to retrieve the full column specification for this data.
ℹ Specify the column types or set `show_col_types = FALSE` to quiet this message.
Updated combined_data with IntaRNA p-values at: /home/jj/Documents/hoda_Colab/spirit_commandline/data/2025_08_18_T_14_07_50/data/combined_tables.tsv
Saved plots to: /home/jj/Documents/hoda_Colab/spirit_commandline/data/2025_08_18_T_14_07_50/results

Attaching package: ‘dplyr’

The following objects are masked from ‘package:stats’:

    filter, lag

The following objects are masked from ‘package:base’:

    intersect, setdiff, setequal, union

Rows: 3282 Columns: 29
── Column specification ────────────────────────────────────────────────────────
Delimiter: "\t"
chr (12): seqid, type, strand, Name, ID, gene, id_lower, locus_tag, IntaRNA_...
dbl (16): start, end, MAPS_BTnc201_logFC, MAPS_BTnc201_logCPM, MAPS_BTnc201_...
lgl  (1): product

ℹ Use `spec()` to retrieve the full column specification for this data.
ℹ Specify the column types or set `show_col_types = FALSE` to quiet this message.
[1] "Number of p-values to be combined by Fisher's test': 3"
Saving 7 x 7 in image
Saving 7 x 7 in image
[1] "Integration of p-values completed."
Latest run symlink -> /home/jj/Documents/hoda_Colab/spirit_commandline/data/latest
SPIRIT pipeline finished successfully.
Results: /home/jj/Documents/hoda_Colab/spirit_commandline/data/2025_08_18_T_14_07_50
Log:     /home/jj/Documents/hoda_Colab/spirit_commandline/data/2025_08_18_T_14_07_50/logs/pipeline.log
