Logging to: /home/jj/Documents/hoda_Colab/spirit_commandline/data/2025_08_18_T_12_14_41/logs/pipeline.log
SPIRIT version: v1.0.0
Run directory:  /home/jj/Documents/hoda_Colab/spirit_commandline/data/2025_08_18_T_12_14_41
Tool versions (where available):
Rscript (R) version 4.4.1 (2024-06-14)
bedtools v2.31.1
IntaRNA 3.4.1
# esl-shuffle :: shuffling or generating random sequences
── Attaching core tidyverse packages ──────────────────────── tidyverse 2.0.0 ──
✔ dplyr     1.1.4     ✔ readr     2.1.5
✔ forcats   1.0.0     ✔ stringr   1.5.1
✔ ggplot2   3.5.1     ✔ tibble    3.2.1
✔ lubridate 1.9.4     ✔ tidyr     1.3.1
✔ purrr     1.0.4     
── Conflicts ────────────────────────────────────────── tidyverse_conflicts() ──
✖ dplyr::filter() masks stats::filter()
✖ dplyr::lag()    masks stats::lag()
ℹ Use the conflicted package (<http://conflicted.r-lib.org/>) to force all conflicts to become errors
Warning messages:
1: package ‘purrr’ was built under R version 4.4.2 
2: package ‘lubridate’ was built under R version 4.4.2 
Warning message:
package ‘readxl’ was built under R version 4.4.3 
Rows: 3290 Columns: 6
── Column specification ────────────────────────────────────────────────────────
Delimiter: ","
chr (1): locus_tag
dbl (5): logFC, logCPM, F, p_value, FDR

ℹ Use `spec()` to retrieve the full column specification for this data.
ℹ Specify the column types or set `show_col_types = FALSE` to quiet this message.
Columns 'p_value' and locus_tag are present in: ../SPIRIT/data/jakob/Btheta/MAPS_BTnc201.csv
Wrote file to: /home/jj/Documents/hoda_Colab/spirit_commandline/data/2025_08_18_T_12_14_41/data/MAPS_BTnc201.tsv
── Attaching core tidyverse packages ──────────────────────── tidyverse 2.0.0 ──
✔ dplyr     1.1.4     ✔ readr     2.1.5
✔ forcats   1.0.0     ✔ stringr   1.5.1
✔ ggplot2   3.5.1     ✔ tibble    3.2.1
✔ lubridate 1.9.4     ✔ tidyr     1.3.1
✔ purrr     1.0.4     
── Conflicts ────────────────────────────────────────── tidyverse_conflicts() ──
✖ dplyr::filter() masks stats::filter()
✖ dplyr::lag()    masks stats::lag()
ℹ Use the conflicted package (<http://conflicted.r-lib.org/>) to force all conflicts to become errors
Warning messages:
1: package ‘purrr’ was built under R version 4.4.2 
2: package ‘lubridate’ was built under R version 4.4.2 
Warning message:
package ‘readxl’ was built under R version 4.4.3 
Rows: 4816 Columns: 4
── Column specification ────────────────────────────────────────────────────────
Delimiter: ","
chr (1): locus_tag
dbl (3): log2FoldChange, p_value, padj

ℹ Use `spec()` to retrieve the full column specification for this data.
ℹ Specify the column types or set `show_col_types = FALSE` to quiet this message.
Columns 'p_value' and locus_tag are present in: ../SPIRIT/data/b_theta_rnaseq_WT_vs_del_MasB.csv
Wrote file to: /home/jj/Documents/hoda_Colab/spirit_commandline/data/2025_08_18_T_12_14_41/data/b_theta_rnaseq_WT_vs_del_MasB.tsv
── Attaching core tidyverse packages ──────────────────────── tidyverse 2.0.0 ──
✔ dplyr     1.1.4     ✔ readr     2.1.5
✔ forcats   1.0.0     ✔ stringr   1.5.1
✔ ggplot2   3.5.1     ✔ tibble    3.2.1
✔ lubridate 1.9.4     ✔ tidyr     1.3.1
✔ purrr     1.0.4     
── Conflicts ────────────────────────────────────────── tidyverse_conflicts() ──
✖ dplyr::filter() masks stats::filter()
✖ dplyr::lag()    masks stats::lag()
ℹ Use the conflicted package (<http://conflicted.r-lib.org/>) to force all conflicts to become errors
Warning messages:
1: package ‘purrr’ was built under R version 4.4.2 
2: package ‘lubridate’ was built under R version 4.4.2 
Reading these TSV files:
[1] "/home/jj/Documents/hoda_Colab/spirit_commandline/data/2025_08_18_T_12_14_41/data/MAPS_BTnc201.tsv"                 
[2] "/home/jj/Documents/hoda_Colab/spirit_commandline/data/2025_08_18_T_12_14_41/data/b_theta_rnaseq_WT_vs_del_MasB.tsv"
Rows: 3290 Columns: 6
── Column specification ────────────────────────────────────────────────────────
Delimiter: "\t"
chr (1): locus_tag
dbl (5): MAPS_BTnc201_logFC, MAPS_BTnc201_logCPM, MAPS_BTnc201_F, MAPS_BTnc2...

ℹ Use `spec()` to retrieve the full column specification for this data.
ℹ Specify the column types or set `show_col_types = FALSE` to quiet this message.
Rows: 4816 Columns: 4
── Column specification ────────────────────────────────────────────────────────
Delimiter: "\t"
chr (1): locus_tag
dbl (3): b_theta_rnaseq_WT_vs_del_MasB_log2FoldChange, b_theta_rnaseq_WT_vs_...

ℹ Use `spec()` to retrieve the full column specification for this data.
ℹ Specify the column types or set `show_col_types = FALSE` to quiet this message.
The following genes are duplicates and will be excluded from the analysis: NA
Wrote combined tables to: /home/jj/Documents/hoda_Colab/spirit_commandline/data/2025_08_18_T_12_14_41/data/combined_data.tsv
[1] "Hi, I am read_gff_file.R"
Loading required package: GenomicRanges
Loading required package: stats4
Loading required package: BiocGenerics

Attaching package: ‘BiocGenerics’

The following objects are masked from ‘package:stats’:

    IQR, mad, sd, var, xtabs

The following objects are masked from ‘package:base’:

    anyDuplicated, aperm, append, as.data.frame, basename, cbind,
    colnames, dirname, do.call, duplicated, eval, evalq, Filter, Find,
    get, grep, grepl, intersect, is.unsorted, lapply, Map, mapply,
    match, mget, order, paste, pmax, pmax.int, pmin, pmin.int,
    Position, rank, rbind, Reduce, rownames, sapply, saveRDS, setdiff,
    table, tapply, union, unique, unsplit, which.max, which.min

Loading required package: S4Vectors

Attaching package: ‘S4Vectors’

The following object is masked from ‘package:utils’:

    findMatches

The following objects are masked from ‘package:base’:

    expand.grid, I, unname

Loading required package: IRanges
Loading required package: GenomeInfoDb
Error: package or namespace load failed for ‘GenomeInfoDb’ in loadNamespace(i, c(lib.loc, .libPaths()), versionCheck = vI[[i]]):
 there is no package called ‘GenomeInfoDbData’
Error: package ‘GenomeInfoDb’ could not be loaded
In addition: Warning messages:
1: package ‘rtracklayer’ was built under R version 4.4.2 
2: package ‘GenomicRanges’ was built under R version 4.4.2 
3: package ‘BiocGenerics’ was built under R version 4.4.2 
4: package ‘S4Vectors’ was built under R version 4.4.2 
5: package ‘IRanges’ was built under R version 4.4.2 
6: package ‘GenomeInfoDb’ was built under R version 4.4.2 
Execution halted
An error occurred. See log: /home/jj/Documents/hoda_Colab/spirit_commandline/data/2025_08_18_T_12_14_41/logs/pipeline.log
